{
  "stats": {
    "suites": 1,
    "tests": 2,
    "passes": 2,
    "pending": 0,
    "failures": 0,
    "start": "2022-02-04T09:50:40.405Z",
    "end": "2022-02-04T09:50:44.325Z",
    "duration": 3920,
    "testsRegistered": 2,
    "passPercent": 100,
    "pendingPercent": 0,
    "other": 0,
    "hasOther": false,
    "skipped": 0,
    "hasSkipped": false
  },
  "results": [
    {
      "uuid": "a1ec9c5f-b76f-4cf1-940d-9c526b55fb61",
      "title": "",
      "fullFile": "cypress/integration/listagem.spec.js",
      "file": "cypress/integration/listagem.spec.js",
      "beforeHooks": [],
      "afterHooks": [],
      "tests": [],
      "suites": [
        {
          "uuid": "7aae0786-5fdc-452c-a11c-60984feaf77c",
          "title": "Listagem",
          "fullFile": "",
          "file": "",
          "beforeHooks": [],
          "afterHooks": [],
          "tests": [
            {
              "title": "Quando não houver cadastros, então a listagem deve estar vazia",
              "fullTitle": "Listagem Quando não houver cadastros, então a listagem deve estar vazia",
              "timedOut": null,
              "duration": 850,
              "state": "passed",
              "speed": "fast",
              "pass": true,
              "fail": false,
              "pending": false,
              "context": null,
              "code": "cy.fixture('listagem-vazia').then(data => {\n  window.localStorage.setItem('data', JSON.stringify(data)); //deve contar o tamanho\n  cy.get('table tbody tr').should('have.length', 0);\n});\ncy.visit(\"https://form-agilizei.netlify.app/listagem.html\");",
              "err": {},
              "uuid": "c6b169e3-553d-4156-a883-eb744f003611",
              "parentUUID": "7aae0786-5fdc-452c-a11c-60984feaf77c",
              "isHook": false,
              "skipped": false
            },
            {
              "title": "Quando houver um ou mais registros, então a listagem deve exibir cada registro",
              "fullTitle": "Listagem Quando houver um ou mais registros, então a listagem deve exibir cada registro",
              "timedOut": null,
              "duration": 1196,
              "state": "passed",
              "speed": "fast",
              "pass": true,
              "fail": false,
              "pending": false,
              "context": null,
              "code": "cy.fixture('listagem-com-itens').then(data => {\n  window.localStorage.setItem('data', JSON.stringify(data));\n});\ncy.visit(\"https://form-agilizei.netlify.app/listagem.html\");\ncy.get('table tbody tr').should('have.length', 2);",
              "err": {},
              "uuid": "713314e8-15c6-4578-bfa3-3a9d27d6371a",
              "parentUUID": "7aae0786-5fdc-452c-a11c-60984feaf77c",
              "isHook": false,
              "skipped": false
            }
          ],
          "suites": [],
          "passes": [
            "c6b169e3-553d-4156-a883-eb744f003611",
            "713314e8-15c6-4578-bfa3-3a9d27d6371a"
          ],
          "failures": [],
          "pending": [],
          "skipped": [],
          "duration": 2046,
          "root": false,
          "rootEmpty": false,
          "_timeout": 2000
        }
      ],
      "passes": [],
      "failures": [],
      "pending": [],
      "skipped": [],
      "duration": 0,
      "root": true,
      "rootEmpty": true,
      "_timeout": 2000
    }
  ],
  "meta": {
    "mocha": {
      "version": "7.0.1"
    },
    "mochawesome": {
      "options": {
        "quiet": true,
        "reportFilename": "mochawesome",
        "saveHtml": false,
        "saveJson": true,
        "consoleReporter": "spec",
        "useInlineDiffs": false,
        "code": true
      },
      "version": "7.0.1"
    },
    "marge": {
      "options": {
        "id": "default",
        "reportDir": "mochawesome-report",
        "quiet": true,
        "overwrite": false,
        "html": false,
        "json": true
      },
      "version": "6.0.1"
    }
  }
}